app/build/intermediates/manifest_merge_blame_file/debug/manifest-merger-blame-debug-report.txt
1<?xml version="1.0" encoding="utf-8"?>
2<manifest xmlns:android="http://schemas.android.com/apk/res/android"
3    package="com.example.meetmelive"
4    android:versionCode="1"
5    android:versionName="1.0" >
6
7    <uses-sdk
8        android:minSdkVersion="16"
8-->src\main\AndroidManifest.xml
9        android:targetSdkVersion="30" />
9-->src\main\AndroidManifest.xml
10
11    <uses-permission android:name="android.permission.ACCESS_COARSE_LOCATION" />
11-->src\main\AndroidManifest.xml:5:5-81
11-->src\main\AndroidManifest.xml:5:22-78
12    <uses-permission android:name="android.permission.INTERNET" />
12-->src\main\AndroidManifest.xml:6:5-67
12-->src\main\AndroidManifest.xml:6:22-64
13    <uses-permission android:name="android.permission.ACCESS_NETWORK_STATE" />
13-->src\main\AndroidManifest.xml:7:5-79
13-->src\main\AndroidManifest.xml:7:22-76
14
15    <uses-feature
15-->[com.google.android.gms:play-services-maps:17.0.0] AndroidManifest.xml:26:5-28:35
16        android:glEsVersion="0x00020000"
16-->[com.google.android.gms:play-services-maps:17.0.0] AndroidManifest.xml:27:9-41
17        android:required="true" />
17-->[com.google.android.gms:play-services-maps:17.0.0] AndroidManifest.xml:28:9-32
18
19    <uses-permission android:name="com.google.android.finsky.permission.BIND_GET_INSTALL_REFERRER_SERVICE" />
19-->[com.android.installreferrer:installreferrer:1.0] AndroidManifest.xml:9:5-110
19-->[com.android.installreferrer:installreferrer:1.0] AndroidManifest.xml:9:22-107
20
21    <application
21-->src\main\AndroidManifest.xml:9:5-49:19
22        android:name="com.example.meetmelive.MyApplication"
22-->src\main\AndroidManifest.xml:10:9-38
23        android:allowBackup="true"
23-->src\main\AndroidManifest.xml:11:9-35
24        android:appComponentFactory="androidx.core.app.CoreComponentFactory"
24-->[androidx.core:core:1.3.1] AndroidManifest.xml:24:18-86
25        android:debuggable="true"
26        android:icon="@mipmap/ic_launcher"
26-->src\main\AndroidManifest.xml:12:9-43
27        android:label="@string/app_name"
27-->src\main\AndroidManifest.xml:13:9-41
28        android:roundIcon="@mipmap/ic_launcher_round"
28-->src\main\AndroidManifest.xml:14:9-54
29        android:supportsRtl="true"
29-->src\main\AndroidManifest.xml:15:9-35
30        android:testOnly="true"
31        android:theme="@style/Theme.MeetMeLive" >
31-->src\main\AndroidManifest.xml:16:9-48
32        <activity android:name="com.example.meetmelive.GridActivity" />
32-->src\main\AndroidManifest.xml:17:9-59
32-->src\main\AndroidManifest.xml:17:19-47
33        <activity android:name="com.example.meetmelive.login" >
33-->src\main\AndroidManifest.xml:18:9-24:20
33-->src\main\AndroidManifest.xml:18:19-40
34            <intent-filter>
34-->src\main\AndroidManifest.xml:19:13-23:29
35                <action android:name="android.intent.action.MAIN" />
35-->src\main\AndroidManifest.xml:20:17-69
35-->src\main\AndroidManifest.xml:20:25-66
36
37                <category android:name="android.intent.category.LAUNCHER" />
37-->src\main\AndroidManifest.xml:22:17-77
37-->src\main\AndroidManifest.xml:22:27-74
38            </intent-filter>
39        </activity>
40        <activity android:name="com.example.meetmelive.SearchActivity" />
40-->src\main\AndroidManifest.xml:25:9-52
40-->src\main\AndroidManifest.xml:25:19-49
41        <activity android:name="com.example.meetmelive.MainActivity" />
41-->src\main\AndroidManifest.xml:26:9-59
41-->src\main\AndroidManifest.xml:26:19-47
42        <activity android:name="com.example.meetmelive.register" />
42-->src\main\AndroidManifest.xml:27:9-46
42-->src\main\AndroidManifest.xml:27:19-43
43
44        <meta-data
44-->src\main\AndroidManifest.xml:29:9-31:55
45            android:name="com.facebook.sdk.ApplicationId"
45-->src\main\AndroidManifest.xml:30:13-58
46            android:value="@string/facebook_app_id" />
46-->src\main\AndroidManifest.xml:31:13-52
47
48        <activity
48-->src\main\AndroidManifest.xml:33:9-36:48
49            android:name="com.facebook.FacebookActivity"
49-->src\main\AndroidManifest.xml:34:13-57
50            android:configChanges="keyboard|keyboardHidden|screenLayout|screenSize|orientation"
50-->src\main\AndroidManifest.xml:35:13-96
51            android:label="@string/app_name"
51-->src\main\AndroidManifest.xml:36:13-45
52            android:theme="@style/com_facebook_activity_theme" />
52-->[com.facebook.android:facebook-common:5.15.3] AndroidManifest.xml:33:13-63
53        <activity
53-->src\main\AndroidManifest.xml:37:9-48:20
54            android:name="com.facebook.CustomTabActivity"
54-->src\main\AndroidManifest.xml:38:13-58
55            android:exported="true" >
55-->src\main\AndroidManifest.xml:39:13-36
56            <intent-filter>
56-->src\main\AndroidManifest.xml:40:13-47:29
57                <action android:name="android.intent.action.VIEW" />
57-->src\main\AndroidManifest.xml:41:17-69
57-->src\main\AndroidManifest.xml:41:25-66
58
59                <category android:name="android.intent.category.DEFAULT" />
59-->src\main\AndroidManifest.xml:43:17-76
59-->src\main\AndroidManifest.xml:43:27-73
60                <category android:name="android.intent.category.BROWSABLE" />
60-->src\main\AndroidManifest.xml:44:17-78
60-->src\main\AndroidManifest.xml:44:27-75
61
62                <data android:scheme="@string/fb_login_protocol_scheme" />
62-->src\main\AndroidManifest.xml:46:17-75
62-->src\main\AndroidManifest.xml:46:23-72
63            </intent-filter>
64            <intent-filter>
64-->[com.facebook.android:facebook-common:5.15.3] AndroidManifest.xml:39:13-48:29
65                <action android:name="android.intent.action.VIEW" />
65-->src\main\AndroidManifest.xml:41:17-69
65-->src\main\AndroidManifest.xml:41:25-66
66
67                <category android:name="android.intent.category.DEFAULT" />
67-->src\main\AndroidManifest.xml:43:17-76
67-->src\main\AndroidManifest.xml:43:27-73
68                <category android:name="android.intent.category.BROWSABLE" />
68-->src\main\AndroidManifest.xml:44:17-78
68-->src\main\AndroidManifest.xml:44:27-75
69
70                <data
70-->src\main\AndroidManifest.xml:46:17-75
71                    android:host="cct.com.example.meetmelive"
72                    android:scheme="fbconnect" />
72-->src\main\AndroidManifest.xml:46:23-72
73            </intent-filter>
74        </activity>
75        <activity android:name="com.facebook.CustomTabMainActivity" />
75-->[com.facebook.android:facebook-common:5.15.3] AndroidManifest.xml:34:9-71
75-->[com.facebook.android:facebook-common:5.15.3] AndroidManifest.xml:34:19-68
76
77        <service
77-->[com.google.firebase:firebase-firestore:22.1.2] AndroidManifest.xml:17:9-23:19
78            android:name="com.google.firebase.components.ComponentDiscoveryService"
78-->[com.google.firebase:firebase-firestore:22.1.2] AndroidManifest.xml:18:13-84
79            android:directBootAware="true"
79-->[com.google.firebase:firebase-common:19.5.0] AndroidManifest.xml:35:13-43
80            android:exported="false" >
80-->[com.google.firebase:firebase-firestore:22.1.2] AndroidManifest.xml:19:13-37
81            <meta-data
81-->[com.google.firebase:firebase-firestore:22.1.2] AndroidManifest.xml:20:13-22:85
82                android:name="com.google.firebase.components:com.google.firebase.firestore.FirestoreRegistrar"
82-->[com.google.firebase:firebase-firestore:22.1.2] AndroidManifest.xml:21:17-111
83                android:value="com.google.firebase.components.ComponentRegistrar" />
83-->[com.google.firebase:firebase-firestore:22.1.2] AndroidManifest.xml:22:17-82
84            <meta-data
84-->[com.google.firebase:firebase-storage:19.2.2] AndroidManifest.xml:33:13-35:85
85                android:name="com.google.firebase.components:com.google.firebase.storage.StorageRegistrar"
85-->[com.google.firebase:firebase-storage:19.2.2] AndroidManifest.xml:34:17-107
86                android:value="com.google.firebase.components.ComponentRegistrar" />
86-->[com.google.firebase:firebase-storage:19.2.2] AndroidManifest.xml:35:17-82
87            <meta-data
87-->[com.google.firebase:firebase-auth:20.0.2] AndroidManifest.xml:77:13-79:85
88                android:name="com.google.firebase.components:com.google.firebase.auth.FirebaseAuthRegistrar"
88-->[com.google.firebase:firebase-auth:20.0.2] AndroidManifest.xml:78:17-109
89                android:value="com.google.firebase.components.ComponentRegistrar" />
89-->[com.google.firebase:firebase-auth:20.0.2] AndroidManifest.xml:79:17-82
90            <!--
91                This registrar is not defined in the dynamic-module-support sdk itself to allow non-firebase
92                clients to use it as well, by defining this registrar in their own core/common library.
93            -->
94            <meta-data
94-->[com.google.firebase:firebase-common:19.5.0] AndroidManifest.xml:43:13-45:85
95                android:name="com.google.firebase.components:com.google.firebase.dynamicloading.DynamicLoadingRegistrar"
95-->[com.google.firebase:firebase-common:19.5.0] AndroidManifest.xml:44:17-121
96                android:value="com.google.firebase.components.ComponentRegistrar" />
96-->[com.google.firebase:firebase-common:19.5.0] AndroidManifest.xml:45:17-82
97        </service>
98
99        <provider
99-->[com.squareup.picasso:picasso:2.71828] AndroidManifest.xml:8:9-11:40
100            android:name="com.squareup.picasso.PicassoProvider"
100-->[com.squareup.picasso:picasso:2.71828] AndroidManifest.xml:9:13-64
101            android:authorities="com.example.meetmelive.com.squareup.picasso"
101-->[com.squareup.picasso:picasso:2.71828] AndroidManifest.xml:10:13-72
102            android:exported="false" />
102-->[com.squareup.picasso:picasso:2.71828] AndroidManifest.xml:11:13-37
103
104        <activity
104-->[com.google.firebase:firebase-auth:20.0.2] AndroidManifest.xml:27:9-44:20
105            android:name="com.google.firebase.auth.internal.GenericIdpActivity"
105-->[com.google.firebase:firebase-auth:20.0.2] AndroidManifest.xml:28:13-80
106            android:excludeFromRecents="true"
106-->[com.google.firebase:firebase-auth:20.0.2] AndroidManifest.xml:29:13-46
107            android:exported="true"
107-->[com.google.firebase:firebase-auth:20.0.2] AndroidManifest.xml:30:13-36
108            android:launchMode="singleTask"
108-->[com.google.firebase:firebase-auth:20.0.2] AndroidManifest.xml:31:13-44
109            android:theme="@android:style/Theme.Translucent.NoTitleBar" >
109-->[com.google.firebase:firebase-auth:20.0.2] AndroidManifest.xml:32:13-72
110            <intent-filter>
110-->[com.google.firebase:firebase-auth:20.0.2] AndroidManifest.xml:33:13-43:29
111                <action android:name="android.intent.action.VIEW" />
111-->src\main\AndroidManifest.xml:41:17-69
111-->src\main\AndroidManifest.xml:41:25-66
112
113                <category android:name="android.intent.category.DEFAULT" />
113-->src\main\AndroidManifest.xml:43:17-76
113-->src\main\AndroidManifest.xml:43:27-73
114                <category android:name="android.intent.category.BROWSABLE" />
114-->src\main\AndroidManifest.xml:44:17-78
114-->src\main\AndroidManifest.xml:44:27-75
115
116                <data
116-->src\main\AndroidManifest.xml:46:17-75
117                    android:host="firebase.auth"
118                    android:path="/"
119                    android:scheme="genericidp" />
119-->src\main\AndroidManifest.xml:46:23-72
120            </intent-filter>
121        </activity>
122        <activity
122-->[com.google.firebase:firebase-auth:20.0.2] AndroidManifest.xml:45:9-62:20
123            android:name="com.google.firebase.auth.internal.RecaptchaActivity"
123-->[com.google.firebase:firebase-auth:20.0.2] AndroidManifest.xml:46:13-79
124            android:excludeFromRecents="true"
124-->[com.google.firebase:firebase-auth:20.0.2] AndroidManifest.xml:47:13-46
125            android:exported="true"
125-->[com.google.firebase:firebase-auth:20.0.2] AndroidManifest.xml:48:13-36
126            android:launchMode="singleTask"
126-->[com.google.firebase:firebase-auth:20.0.2] AndroidManifest.xml:49:13-44
127            android:theme="@android:style/Theme.Translucent.NoTitleBar" >
127-->[com.google.firebase:firebase-auth:20.0.2] AndroidManifest.xml:50:13-72
128            <intent-filter>
128-->[com.google.firebase:firebase-auth:20.0.2] AndroidManifest.xml:51:13-61:29
129                <action android:name="android.intent.action.VIEW" />
129-->src\main\AndroidManifest.xml:41:17-69
129-->src\main\AndroidManifest.xml:41:25-66
130
131                <category android:name="android.intent.category.DEFAULT" />
131-->src\main\AndroidManifest.xml:43:17-76
131-->src\main\AndroidManifest.xml:43:27-73
132                <category android:name="android.intent.category.BROWSABLE" />
132-->src\main\AndroidManifest.xml:44:17-78
132-->src\main\AndroidManifest.xml:44:27-75
133
134                <data
134-->src\main\AndroidManifest.xml:46:17-75
135                    android:host="firebase.auth"
136                    android:path="/"
137                    android:scheme="recaptcha" />
137-->src\main\AndroidManifest.xml:46:23-72
138            </intent-filter>
139        </activity>
140
141        <service
141-->[com.google.firebase:firebase-auth:20.0.2] AndroidManifest.xml:64:9-73:19
142            android:name="com.google.firebase.auth.api.fallback.service.FirebaseAuthFallbackService"
142-->[com.google.firebase:firebase-auth:20.0.2] AndroidManifest.xml:65:13-101
143            android:enabled="true"
143-->[com.google.firebase:firebase-auth:20.0.2] AndroidManifest.xml:66:13-35
144            android:exported="false" >
144-->[com.google.firebase:firebase-auth:20.0.2] AndroidManifest.xml:67:13-37
145            <intent-filter>
145-->[com.google.firebase:firebase-auth:20.0.2] AndroidManifest.xml:68:13-72:29
146                <action android:name="com.google.firebase.auth.api.gms.service.START" />
146-->[com.google.firebase:firebase-auth:20.0.2] AndroidManifest.xml:69:17-89
146-->[com.google.firebase:firebase-auth:20.0.2] AndroidManifest.xml:69:25-86
147
148                <category android:name="android.intent.category.DEFAULT" />
148-->src\main\AndroidManifest.xml:43:17-76
148-->src\main\AndroidManifest.xml:43:27-73
149            </intent-filter>
150        </service> <!-- Needs to be explicitly declared on P+ -->
151        <uses-library
151-->[com.google.android.gms:play-services-maps:17.0.0] AndroidManifest.xml:33:9-35:40
152            android:name="org.apache.http.legacy"
152-->[com.google.android.gms:play-services-maps:17.0.0] AndroidManifest.xml:34:13-50
153            android:required="false" />
153-->[com.google.android.gms:play-services-maps:17.0.0] AndroidManifest.xml:35:13-37
154
155        <activity
155-->[com.google.android.gms:play-services-base:17.1.0] AndroidManifest.xml:23:9-26:75
156            android:name="com.google.android.gms.common.api.GoogleApiActivity"
156-->[com.google.android.gms:play-services-base:17.1.0] AndroidManifest.xml:24:13-79
157            android:exported="false"
157-->[com.google.android.gms:play-services-base:17.1.0] AndroidManifest.xml:25:13-37
158            android:theme="@android:style/Theme.Translucent.NoTitleBar" />
158-->[com.google.android.gms:play-services-base:17.1.0] AndroidManifest.xml:26:13-72
159
160        <provider
160-->[com.google.firebase:firebase-common:19.5.0] AndroidManifest.xml:26:9-31:39
161            android:name="com.google.firebase.provider.FirebaseInitProvider"
161-->[com.google.firebase:firebase-common:19.5.0] AndroidManifest.xml:27:13-77
162            android:authorities="com.example.meetmelive.firebaseinitprovider"
162-->[com.google.firebase:firebase-common:19.5.0] AndroidManifest.xml:28:13-72
163            android:directBootAware="true"
163-->[com.google.firebase:firebase-common:19.5.0] AndroidManifest.xml:29:13-43
164            android:exported="false"
164-->[com.google.firebase:firebase-common:19.5.0] AndroidManifest.xml:30:13-37
165            android:initOrder="100" />
165-->[com.google.firebase:firebase-common:19.5.0] AndroidManifest.xml:31:13-36
166
167        <meta-data
167-->[com.google.android.gms:play-services-basement:17.1.0] AndroidManifest.xml:23:9-25:69
168            android:name="com.google.android.gms.version"
168-->[com.google.android.gms:play-services-basement:17.1.0] AndroidManifest.xml:24:13-58
169            android:value="@integer/google_play_services_version" />
169-->[com.google.android.gms:play-services-basement:17.1.0] AndroidManifest.xml:25:13-66
170        <!--
171         The initialization ContentProvider will call FacebookSdk.sdkInitialize automatically
172         with the application context. This config is merged in with the host app's manifest,
173         but there can only be one provider with the same authority activated at any given
174         point; so if the end user has two or more different apps that use Facebook SDK, only the
175         first one will be able to use the provider. To work around this problem, we use the
176         following placeholder in the authority to identify each host application as if it was
177         a completely different provider.
178        -->
179        <provider
179-->[com.facebook.android:facebook-core:5.15.3] AndroidManifest.xml:39:9-42:40
180            android:name="com.facebook.internal.FacebookInitProvider"
180-->[com.facebook.android:facebook-core:5.15.3] AndroidManifest.xml:40:13-70
181            android:authorities="com.example.meetmelive.FacebookInitProvider"
181-->[com.facebook.android:facebook-core:5.15.3] AndroidManifest.xml:41:13-72
182            android:exported="false" />
182-->[com.facebook.android:facebook-core:5.15.3] AndroidManifest.xml:42:13-37
183
184        <receiver
184-->[com.facebook.android:facebook-core:5.15.3] AndroidManifest.xml:44:9-50:20
185            android:name="com.facebook.CurrentAccessTokenExpirationBroadcastReceiver"
185-->[com.facebook.android:facebook-core:5.15.3] AndroidManifest.xml:45:13-86
186            android:exported="false" >
186-->[com.facebook.android:facebook-core:5.15.3] AndroidManifest.xml:46:13-37
187            <intent-filter>
187-->[com.facebook.android:facebook-core:5.15.3] AndroidManifest.xml:47:13-49:29
188                <action android:name="com.facebook.sdk.ACTION_CURRENT_ACCESS_TOKEN_CHANGED" />
188-->[com.facebook.android:facebook-core:5.15.3] AndroidManifest.xml:48:17-95
188-->[com.facebook.android:facebook-core:5.15.3] AndroidManifest.xml:48:25-92
189            </intent-filter>
190        </receiver>
191
192        <service
192-->[androidx.room:room-runtime:2.2.6] AndroidManifest.xml:25:9-28:40
193            android:name="androidx.room.MultiInstanceInvalidationService"
193-->[androidx.room:room-runtime:2.2.6] AndroidManifest.xml:26:13-74
194            android:directBootAware="true"
194-->[androidx.room:room-runtime:2.2.6] AndroidManifest.xml:27:13-43
195            android:exported="false" />
195-->[androidx.room:room-runtime:2.2.6] AndroidManifest.xml:28:13-37
196    </application>
197
198</manifest>